0 info it worked if it ends with ok
1 verbose cli [ '/home/ec2-user/local/bin/node',
1 verbose cli   '/home/ec2-user/local/bin/npm',
1 verbose cli   'stop' ]
2 info using npm@3.3.12
3 info using node@v5.1.0
4 verbose stack Error: missing script: stop
4 verbose stack     at run (/home/ec2-user/local/lib/node_modules/npm/lib/run-script.js:147:19)
4 verbose stack     at /home/ec2-user/local/lib/node_modules/npm/lib/run-script.js:57:5
4 verbose stack     at /home/ec2-user/local/lib/node_modules/npm/node_modules/read-package-json/read-json.js:345:5
4 verbose stack     at checkBinReferences_ (/home/ec2-user/local/lib/node_modules/npm/node_modules/read-package-json/read-json.js:309:45)
4 verbose stack     at final (/home/ec2-user/local/lib/node_modules/npm/node_modules/read-package-json/read-json.js:343:3)
4 verbose stack     at then (/home/ec2-user/local/lib/node_modules/npm/node_modules/read-package-json/read-json.js:113:5)
4 verbose stack     at ReadFileContext.<anonymous> (/home/ec2-user/local/lib/node_modules/npm/node_modules/read-package-json/read-json.js:297:29)
4 verbose stack     at ReadFileContext.callback (/home/ec2-user/local/lib/node_modules/npm/node_modules/graceful-fs/graceful-fs.js:76:16)
4 verbose stack     at FSReqWrap.readFileAfterOpen [as oncomplete] (fs.js:324:13)
5 verbose cwd /home/ec2-user/ournextapproach/server/bin
6 error Linux 4.1.13-18.26.amzn1.x86_64
7 error argv "/home/ec2-user/local/bin/node" "/home/ec2-user/local/bin/npm" "stop"
8 error node v5.1.0
9 error npm  v3.3.12
10 error missing script: stop
11 error If you need help, you may report this error at:
11 error     <https://github.com/npm/npm/issues>
12 verbose exit [ 1, true ]
